[debug] [2020-12-05T06:17:02.284Z] ----------------------------------------------------------------------
[debug] [2020-12-05T06:17:02.285Z] Command:       /Users/izawakentarou/.nodebrew/node/v10.17.0/bin/node /Users/izawakentarou/.nodebrew/node/v8.16.2/bin/firebase init hosting
[debug] [2020-12-05T06:17:02.285Z] CLI Version:   7.10.0
[debug] [2020-12-05T06:17:02.286Z] Platform:      darwin
[debug] [2020-12-05T06:17:02.286Z] Node Version:  v10.17.0
[debug] [2020-12-05T06:17:02.291Z] Time:          Sat Dec 05 2020 15:17:02 GMT+0900 (GMT+09:00)
[debug] [2020-12-05T06:17:02.291Z] ----------------------------------------------------------------------
[debug] [2020-12-05T06:17:02.291Z] 
[debug] [2020-12-05T06:17:02.301Z] > command requires scopes: ["email","openid","https://www.googleapis.com/auth/cloudplatformprojects.readonly","https://www.googleapis.com/auth/firebase","https://www.googleapis.com/auth/cloud-platform"]
[debug] [2020-12-05T06:17:02.301Z] > authorizing via signed-in user
[info] 
     ######## #### ########  ######## ########     ###     ######  ########
     ##        ##  ##     ## ##       ##     ##  ##   ##  ##       ##
     ######    ##  ########  ######   ########  #########  ######  ######
     ##        ##  ##    ##  ##       ##     ## ##     ##       ## ##
     ##       #### ##     ## ######## ########  ##     ##  ######  ########

You're about to initialize a Firebase project in this directory:

  /Users/izawakentarou/work/project/ジュンコスメ/ジュンコスメ開発

Before we get started, keep in mind:

  * You are initializing in an existing Firebase project directory

[info] 
=== Project Setup
[info] 
[info] First, let's associate this project directory with a Firebase project.
[info] You can create multiple project aliases by running firebase use --add, 
[info] but for now we'll just set up a default project.
[info] 
[info] i  .firebaserc already has a default project, using juncosme.
[debug] [2020-12-05T06:17:02.307Z] >>> HTTP REQUEST GET https://firebase.googleapis.com/v1beta1/projects/juncosme  
 
[debug] [2020-12-05T06:17:03.027Z] <<< HTTP RESPONSE 200
[info] 
=== Hosting Setup
[info] 
[info] Your public directory is the folder (relative to your project directory) that
[info] will contain Hosting assets to be uploaded with firebase deploy. If you
[info] have a build process for your assets, use your build's output directory.
[info] 
